Open5GS daemon v2.7.0-23-gea7708b

01/08 00:55:21.561: [app] INFO: Configuration: '/root/open5gs/install/etc/open5gs/pcrf.yaml' (../lib/app/ogs-init.c:130)
01/08 00:55:21.561: [app] INFO: File Logging: '/root/open5gs/install/var/log/open5gs/pcrf.log' (../lib/app/ogs-init.c:133)
01/08 00:55:21.563: [dbi] INFO: MongoDB URI: 'mongodb://localhost/open5gs' (../lib/dbi/ogs-mongoc.c:130)
01/08 00:55:21.609: [app] INFO: PCRF initialize...done (../src/pcrf/app-init.c:31)
01/08 00:55:21.612: [diam] INFO: CONNECTED TO 'smf.localdomain' (SCTP,soc#15): (../lib/diameter/common/logger.c:108)
01/08 01:18:40.655: [diam] INFO: CONNECTED TO 'smf.localdomain' (SCTP,soc#8): (../lib/diameter/common/logger.c:108)
Open5GS daemon v2.7.0-23-gea7708b

01/14 18:40:50.388: [app] INFO: Configuration: '/root/open5gs/install/etc/open5gs/pcrf.yaml' (../lib/app/ogs-init.c:130)
01/14 18:40:50.388: [app] INFO: File Logging: '/root/open5gs/install/var/log/open5gs/pcrf.log' (../lib/app/ogs-init.c:133)
01/14 18:40:50.392: [dbi] INFO: MongoDB URI: 'mongodb://localhost/open5gs' (../lib/dbi/ogs-mongoc.c:130)
01/14 18:40:50.475: [app] INFO: PCRF initialize...done (../src/pcrf/app-init.c:31)
01/14 18:40:50.498: [diam] INFO: CONNECTED TO 'smf.localdomain' (SCTP,soc#12): (../lib/diameter/common/logger.c:108)
01/14 18:42:04.732: [app] INFO: SIGINT received (../src/main.c:53)
01/14 18:42:04.733: [app] INFO: Open5GS daemon terminating... (../src/main.c:226)
01/14 18:42:04.851: [app] INFO: PCRF terminate...done (../src/pcrf/app-init.c:39)
Open5GS daemon v2.7.0-23-gea7708b

01/14 18:42:06.931: [app] INFO: Configuration: '/root/open5gs/install/etc/open5gs/pcrf.yaml' (../lib/app/ogs-init.c:130)
01/14 18:42:06.931: [app] INFO: File Logging: '/root/open5gs/install/var/log/open5gs/pcrf.log' (../lib/app/ogs-init.c:133)
01/14 18:42:06.935: [dbi] INFO: MongoDB URI: 'mongodb://localhost/open5gs' (../lib/dbi/ogs-mongoc.c:130)
01/14 18:42:06.976: [app] INFO: PCRF initialize...done (../src/pcrf/app-init.c:31)
01/14 18:42:06.978: [diam] INFO: CONNECTED TO 'smf.localdomain' (SCTP,soc#15): (../lib/diameter/common/logger.c:108)
01/14 18:42:19.424: [app] INFO: SIGINT received (../src/main.c:53)
01/14 18:42:19.424: [app] INFO: Open5GS daemon terminating... (../src/main.c:226)
01/14 18:42:19.539: [app] INFO: PCRF terminate...done (../src/pcrf/app-init.c:39)
Open5GS daemon v2.7.0-23-gea7708b

01/14 18:42:50.876: [app] INFO: Configuration: '/root/open5gs/install/etc/open5gs/pcrf.yaml' (../lib/app/ogs-init.c:130)
01/14 18:42:50.876: [app] INFO: File Logging: '/root/open5gs/install/var/log/open5gs/pcrf.log' (../lib/app/ogs-init.c:133)
01/14 18:42:50.877: [dbi] INFO: MongoDB URI: 'mongodb://localhost/open5gs' (../lib/dbi/ogs-mongoc.c:130)
01/14 18:42:50.922: [diam] INFO: CONNECTED TO 'smf.localdomain' (SCTP,soc#14): (../lib/diameter/common/logger.c:108)
01/14 18:42:50.923: [app] INFO: PCRF initialize...done (../src/pcrf/app-init.c:31)
01/14 18:42:57.485: [app] INFO: SIGINT received (../src/main.c:53)
01/14 18:42:57.485: [app] INFO: Open5GS daemon terminating... (../src/main.c:226)
01/14 18:42:57.603: [app] INFO: PCRF terminate...done (../src/pcrf/app-init.c:39)
Open5GS daemon v2.7.0-23-gea7708b

01/14 18:43:01.114: [app] INFO: Configuration: '/root/open5gs/install/etc/open5gs/pcrf.yaml' (../lib/app/ogs-init.c:130)
01/14 18:43:01.114: [app] INFO: File Logging: '/root/open5gs/install/var/log/open5gs/pcrf.log' (../lib/app/ogs-init.c:133)
01/14 18:43:01.115: [dbi] INFO: MongoDB URI: 'mongodb://localhost/open5gs' (../lib/dbi/ogs-mongoc.c:130)
01/14 18:43:01.159: [app] INFO: PCRF initialize...done (../src/pcrf/app-init.c:31)
01/14 18:43:01.169: [diam] INFO: CONNECTED TO 'smf.localdomain' (SCTP,soc#15): (../lib/diameter/common/logger.c:108)
01/14 18:43:06.087: [app] INFO: SIGINT received (../src/main.c:53)
01/14 18:43:06.088: [app] INFO: Open5GS daemon terminating... (../src/main.c:226)
01/14 18:43:06.197: [app] INFO: PCRF terminate...done (../src/pcrf/app-init.c:39)
Open5GS daemon v2.7.0-23-gea7708b

01/14 18:43:49.790: [app] INFO: Configuration: '/root/open5gs/install/etc/open5gs/pcrf.yaml' (../lib/app/ogs-init.c:130)
01/14 18:43:49.790: [app] INFO: File Logging: '/root/open5gs/install/var/log/open5gs/pcrf.log' (../lib/app/ogs-init.c:133)
01/14 18:43:49.793: [dbi] INFO: MongoDB URI: 'mongodb://localhost/open5gs' (../lib/dbi/ogs-mongoc.c:130)
01/14 18:43:49.818: [app] INFO: PCRF initialize...done (../src/pcrf/app-init.c:31)
01/14 18:43:49.825: [diam] INFO: CONNECTED TO 'smf.localdomain' (SCTP,soc#14): (../lib/diameter/common/logger.c:108)
01/14 18:44:10.394: [app] INFO: SIGINT received (../src/main.c:53)
01/14 18:44:10.395: [app] INFO: Open5GS daemon terminating... (../src/main.c:226)
01/14 18:44:10.510: [app] INFO: PCRF terminate...done (../src/pcrf/app-init.c:39)
Open5GS daemon v2.7.0-23-gea7708b

01/14 18:44:15.241: [app] INFO: Configuration: '/root/open5gs/install/etc/open5gs/pcrf.yaml' (../lib/app/ogs-init.c:130)
01/14 18:44:15.241: [app] INFO: File Logging: '/root/open5gs/install/var/log/open5gs/pcrf.log' (../lib/app/ogs-init.c:133)
01/14 18:44:15.242: [dbi] INFO: MongoDB URI: 'mongodb://localhost/open5gs' (../lib/dbi/ogs-mongoc.c:130)
01/14 18:44:15.283: [app] INFO: PCRF initialize...done (../src/pcrf/app-init.c:31)
01/14 18:44:15.284: [diam] INFO: CONNECTED TO 'smf.localdomain' (SCTP,soc#15): (../lib/diameter/common/logger.c:108)
01/14 18:45:06.532: [app] INFO: SIGINT received (../src/main.c:53)
01/14 18:45:06.533: [app] INFO: Open5GS daemon terminating... (../src/main.c:226)
01/14 18:45:06.655: [app] INFO: PCRF terminate...done (../src/pcrf/app-init.c:39)
Open5GS daemon v2.7.0-23-gea7708b

01/14 18:46:51.176: [app] INFO: Configuration: '/root/open5gs/install/etc/open5gs/pcrf.yaml' (../lib/app/ogs-init.c:130)
01/14 18:46:51.176: [app] INFO: File Logging: '/root/open5gs/install/var/log/open5gs/pcrf.log' (../lib/app/ogs-init.c:133)
01/14 18:46:51.183: [dbi] INFO: MongoDB URI: 'mongodb://localhost/open5gs' (../lib/dbi/ogs-mongoc.c:130)
01/14 18:46:51.254: [app] INFO: PCRF initialize...done (../src/pcrf/app-init.c:31)
01/14 18:46:51.271: [diam] INFO: CONNECTED TO 'smf.localdomain' (SCTP,soc#12): (../lib/diameter/common/logger.c:108)
01/14 18:52:45.261: [app] INFO: Signal-NUM[28] received (Window changed) (../src/main.c:63)
01/14 18:52:45.747: [app] INFO: Signal-NUM[28] received (Window changed) (../src/main.c:63)
01/14 19:04:41.037: [app] INFO: Signal-NUM[28] received (Window changed) (../src/main.c:63)
01/14 19:04:41.039: [app] INFO: Signal-NUM[28] received (Window changed) (../src/main.c:63)
01/14 19:04:50.249: [app] INFO: SIGINT received (../src/main.c:53)
01/14 19:04:50.249: [app] INFO: Open5GS daemon terminating... (../src/main.c:226)
01/14 19:04:50.370: [app] INFO: PCRF terminate...done (../src/pcrf/app-init.c:39)
Open5GS daemon v2.7.0-23-gea7708b

01/14 20:05:00.659: [app] INFO: Configuration: '/root/open5gs/install/etc/open5gs/pcrf.yaml' (../lib/app/ogs-init.c:130)
01/14 20:05:00.659: [app] INFO: File Logging: '/root/open5gs/install/var/log/open5gs/pcrf.log' (../lib/app/ogs-init.c:133)
01/14 20:05:00.669: [dbi] INFO: MongoDB URI: 'mongodb://localhost/open5gs' (../lib/dbi/ogs-mongoc.c:130)
01/14 20:05:00.723: [app] INFO: PCRF initialize...done (../src/pcrf/app-init.c:31)
01/14 20:05:00.748: [diam] INFO: CONNECTED TO 'smf.localdomain' (SCTP,soc#14): (../lib/diameter/common/logger.c:108)
01/14 20:13:53.454: [app] INFO: Signal-NUM[28] received (Window changed) (../src/main.c:63)
01/14 21:48:35.987: [app] INFO: Signal-NUM[28] received (Window changed) (../src/main.c:63)
01/14 21:48:41.019: [app] INFO: Signal-NUM[28] received (Window changed) (../src/main.c:63)
01/14 21:48:41.019: [app] INFO: Signal-NUM[28] received (Window changed) (../src/main.c:63)
01/14 21:48:42.633: [app] INFO: Signal-NUM[28] received (Window changed) (../src/main.c:63)
01/14 21:48:42.634: [app] INFO: Signal-NUM[28] received (Window changed) (../src/main.c:63)
01/14 21:58:48.395: [app] INFO: Signal-NUM[28] received (Window changed) (../src/main.c:63)
01/14 22:34:55.312: [app] INFO: Signal-NUM[28] received (Window changed) (../src/main.c:63)
01/14 22:57:59.406: [app] INFO: Signal-NUM[28] received (Window changed) (../src/main.c:63)
01/14 23:25:25.069: [app] INFO: Signal-NUM[28] received (Window changed) (../src/main.c:63)
Open5GS daemon v2.7.0-23-gea7708b

01/14 23:56:11.243: [app] INFO: Configuration: '/root/open5gs/install/etc/open5gs/pcrf.yaml' (../lib/app/ogs-init.c:130)
01/14 23:56:11.243: [app] INFO: File Logging: '/root/open5gs/install/var/log/open5gs/pcrf.log' (../lib/app/ogs-init.c:133)
01/14 23:56:11.254: [dbi] INFO: MongoDB URI: 'mongodb://localhost/open5gs' (../lib/dbi/ogs-mongoc.c:130)
01/14 23:56:11.357: [app] INFO: PCRF initialize...done (../src/pcrf/app-init.c:31)
01/14 23:56:11.382: [diam] INFO: CONNECTED TO 'smf.localdomain' (SCTP,soc#8): (../lib/diameter/common/logger.c:108)
01/14 23:58:25.814: [app] INFO: Signal-NUM[28] received (Window changed) (../src/main.c:63)
01/14 23:58:27.207: [app] INFO: SIGINT received (../src/main.c:53)
01/14 23:58:27.207: [app] INFO: Open5GS daemon terminating... (../src/main.c:226)
01/14 23:58:27.326: [app] INFO: PCRF terminate...done (../src/pcrf/app-init.c:39)
Open5GS daemon v2.7.0-23-gea7708b

01/14 23:58:37.410: [app] INFO: Configuration: '/root/open5gs/install/etc/open5gs/pcrf.yaml' (../lib/app/ogs-init.c:130)
01/14 23:58:37.410: [app] INFO: File Logging: '/root/open5gs/install/var/log/open5gs/pcrf.log' (../lib/app/ogs-init.c:133)
01/14 23:58:37.414: [dbi] INFO: MongoDB URI: 'mongodb://localhost/open5gs' (../lib/dbi/ogs-mongoc.c:130)
01/14 23:58:37.467: [app] INFO: PCRF initialize...done (../src/pcrf/app-init.c:31)
01/14 23:58:37.469: [diam] INFO: CONNECTED TO 'smf.localdomain' (SCTP,soc#15): (../lib/diameter/common/logger.c:108)
01/14 23:58:40.705: [app] INFO: SIGINT received (../src/main.c:53)
01/14 23:58:40.705: [app] INFO: Open5GS daemon terminating... (../src/main.c:226)
01/14 23:58:40.825: [app] INFO: PCRF terminate...done (../src/pcrf/app-init.c:39)
Open5GS daemon v2.7.0-23-gea7708b

01/14 23:58:52.320: [app] INFO: Configuration: '/root/open5gs/install/etc/open5gs/pcrf.yaml' (../lib/app/ogs-init.c:130)
01/14 23:58:52.320: [app] INFO: File Logging: '/root/open5gs/install/var/log/open5gs/pcrf.log' (../lib/app/ogs-init.c:133)
01/14 23:58:52.321: [dbi] INFO: MongoDB URI: 'mongodb://localhost/open5gs' (../lib/dbi/ogs-mongoc.c:130)
01/14 23:58:52.414: [app] INFO: PCRF initialize...done (../src/pcrf/app-init.c:31)
01/14 23:58:52.417: [diam] INFO: CONNECTED TO 'smf.localdomain' (SCTP,soc#15): (../lib/diameter/common/logger.c:108)
01/15 00:02:13.618: [app] INFO: Signal-NUM[28] received (Window changed) (../src/main.c:63)
01/15 00:02:17.129: [app] INFO: SIGINT received (../src/main.c:53)
01/15 00:02:17.129: [app] INFO: Open5GS daemon terminating... (../src/main.c:226)
01/15 00:02:17.252: [app] INFO: PCRF terminate...done (../src/pcrf/app-init.c:39)
Open5GS daemon v2.7.0-23-gea7708b

01/15 00:02:39.211: [app] INFO: Configuration: '/root/open5gs/install/etc/open5gs/pcrf.yaml' (../lib/app/ogs-init.c:130)
01/15 00:02:39.211: [app] INFO: File Logging: '/root/open5gs/install/var/log/open5gs/pcrf.log' (../lib/app/ogs-init.c:133)
01/15 00:02:39.237: [dbi] INFO: MongoDB URI: 'mongodb://localhost/open5gs' (../lib/dbi/ogs-mongoc.c:130)
01/15 00:02:39.288: [app] INFO: PCRF initialize...done (../src/pcrf/app-init.c:31)
01/15 00:02:39.316: [diam] INFO: CONNECTED TO 'smf.localdomain' (SCTP,soc#8): (../lib/diameter/common/logger.c:108)
01/15 00:05:25.632: [app] INFO: Signal-NUM[28] received (Window changed) (../src/main.c:63)
01/15 00:23:36.574: [app] INFO: SIGHUP received (../src/main.c:58)
Open5GS daemon v2.7.0-23-gea7708b

01/17 23:52:06.606: [app] INFO: Configuration: '/root/open5gs/install/etc/open5gs/pcrf.yaml' (../lib/app/ogs-init.c:130)
01/17 23:52:06.606: [app] INFO: File Logging: '/root/open5gs/install/var/log/open5gs/pcrf.log' (../lib/app/ogs-init.c:133)
01/17 23:52:06.615: [dbi] INFO: MongoDB URI: 'mongodb://localhost/open5gs' (../lib/dbi/ogs-mongoc.c:130)
01/17 23:52:06.728: [app] INFO: PCRF initialize...done (../src/pcrf/app-init.c:31)
01/17 23:52:06.899: [diam] INFO: CONNECTED TO 'smf.localdomain' (SCTP,soc#12): (../lib/diameter/common/logger.c:108)
01/18 00:04:17.998: [app] INFO: Signal-NUM[28] received (Window changed) (../src/main.c:63)
01/18 00:08:34.900: [app] INFO: SIGTERM received (../src/main.c:53)
01/18 00:08:34.901: [app] INFO: Open5GS daemon terminating... (../src/main.c:226)
01/18 00:08:35.047: [app] INFO: PCRF terminate...done (../src/pcrf/app-init.c:39)
Open5GS daemon v2.7.0-23-gea7708b

01/18 00:11:20.875: [app] INFO: Configuration: '/root/open5gs/install/etc/open5gs/pcrf.yaml' (../lib/app/ogs-init.c:130)
01/18 00:11:20.875: [app] INFO: File Logging: '/root/open5gs/install/var/log/open5gs/pcrf.log' (../lib/app/ogs-init.c:133)
01/18 00:11:20.882: [dbi] INFO: MongoDB URI: 'mongodb://localhost/open5gs' (../lib/dbi/ogs-mongoc.c:130)
01/18 00:11:20.937: [app] INFO: PCRF initialize...done (../src/pcrf/app-init.c:31)
01/18 00:11:20.967: [diam] INFO: CONNECTED TO 'smf.localdomain' (SCTP,soc#8): (../lib/diameter/common/logger.c:108)
01/18 00:24:52.143: [app] INFO: Signal-NUM[28] received (Window changed) (../src/main.c:63)
01/18 00:25:01.663: [app] INFO: Signal-NUM[28] received (Window changed) (../src/main.c:63)
01/18 00:25:01.663: [app] INFO: Signal-NUM[28] received (Window changed) (../src/main.c:63)
01/18 00:25:03.349: [app] INFO: Signal-NUM[28] received (Window changed) (../src/main.c:63)
01/18 00:25:03.350: [app] INFO: Signal-NUM[28] received (Window changed) (../src/main.c:63)
01/18 00:25:05.268: [app] INFO: SIGINT received (../src/main.c:53)
01/18 00:25:05.268: [app] INFO: Open5GS daemon terminating... (../src/main.c:226)
01/18 00:25:05.384: [app] INFO: PCRF terminate...done (../src/pcrf/app-init.c:39)
Open5GS daemon v2.7.0-23-gea7708b

01/18 00:25:19.705: [app] INFO: Configuration: '/root/open5gs/install/etc/open5gs/pcrf.yaml' (../lib/app/ogs-init.c:130)
01/18 00:25:19.705: [app] INFO: File Logging: '/root/open5gs/install/var/log/open5gs/pcrf.log' (../lib/app/ogs-init.c:133)
01/18 00:25:19.709: [dbi] INFO: MongoDB URI: 'mongodb://localhost/open5gs' (../lib/dbi/ogs-mongoc.c:130)
01/18 00:25:19.788: [app] INFO: PCRF initialize...done (../src/pcrf/app-init.c:31)
01/18 00:25:19.820: [diam] INFO: CONNECTED TO 'smf.localdomain' (SCTP,soc#9): (../lib/diameter/common/logger.c:108)
01/18 00:29:21.811: [app] INFO: SIGINT received (../src/main.c:53)
01/18 00:29:21.811: [app] INFO: Open5GS daemon terminating... (../src/main.c:226)
01/18 00:29:21.936: [app] INFO: PCRF terminate...done (../src/pcrf/app-init.c:39)
Open5GS daemon v2.7.0-23-gea7708b

01/18 00:29:33.890: [app] INFO: Configuration: '/root/open5gs/install/etc/open5gs/pcrf.yaml' (../lib/app/ogs-init.c:130)
01/18 00:29:33.890: [app] INFO: File Logging: '/root/open5gs/install/var/log/open5gs/pcrf.log' (../lib/app/ogs-init.c:133)
01/18 00:29:33.894: [dbi] INFO: MongoDB URI: 'mongodb://localhost/open5gs' (../lib/dbi/ogs-mongoc.c:130)
01/18 00:29:33.948: [app] INFO: PCRF initialize...done (../src/pcrf/app-init.c:31)
01/18 00:29:34.031: [diam] INFO: CONNECTED TO 'smf.localdomain' (SCTP,soc#8): (../lib/diameter/common/logger.c:108)
01/18 00:44:15.691: [app] INFO: Signal-NUM[28] received (Window changed) (../src/main.c:63)
01/18 00:44:18.300: [app] INFO: Signal-NUM[28] received (Window changed) (../src/main.c:63)
01/18 00:44:18.300: [app] INFO: Signal-NUM[28] received (Window changed) (../src/main.c:63)
01/18 00:44:20.109: [app] INFO: Signal-NUM[28] received (Window changed) (../src/main.c:63)
01/18 00:44:20.110: [app] INFO: Signal-NUM[28] received (Window changed) (../src/main.c:63)
01/18 00:45:02.426: [app] INFO: SIGINT received (../src/main.c:53)
01/18 00:45:02.426: [app] INFO: Open5GS daemon terminating... (../src/main.c:226)
01/18 00:45:02.543: [app] INFO: PCRF terminate...done (../src/pcrf/app-init.c:39)
Open5GS daemon v2.7.0-23-gea7708b

01/18 00:45:46.924: [app] INFO: Configuration: '/root/open5gs/install/etc/open5gs/pcrf.yaml' (../lib/app/ogs-init.c:130)
01/18 00:45:46.924: [app] INFO: File Logging: '/root/open5gs/install/var/log/open5gs/pcrf.log' (../lib/app/ogs-init.c:133)
01/18 00:45:46.942: [dbi] INFO: MongoDB URI: 'mongodb://localhost/open5gs' (../lib/dbi/ogs-mongoc.c:130)
01/18 00:45:46.974: [app] INFO: PCRF initialize...done (../src/pcrf/app-init.c:31)
01/18 00:45:47.068: [diam] INFO: CONNECTED TO 'smf.localdomain' (SCTP,soc#12): (../lib/diameter/common/logger.c:108)
01/18 01:41:59.037: [app] INFO: Signal-NUM[28] received (Window changed) (../src/main.c:63)
01/18 01:53:25.429: [app] INFO: Signal-NUM[28] received (Window changed) (../src/main.c:63)
Open5GS daemon v2.7.0-23-gea7708b

01/18 19:37:44.666: [app] INFO: Configuration: '/root/open5gs/install/etc/open5gs/pcrf.yaml' (../lib/app/ogs-init.c:130)
01/18 19:37:44.666: [app] INFO: File Logging: '/root/open5gs/install/var/log/open5gs/pcrf.log' (../lib/app/ogs-init.c:133)
01/18 19:37:44.672: [dbi] INFO: MongoDB URI: 'mongodb://localhost/open5gs' (../lib/dbi/ogs-mongoc.c:130)
01/18 19:37:44.794: [app] INFO: PCRF initialize...done (../src/pcrf/app-init.c:31)
01/18 19:37:44.845: [diam] INFO: CONNECTED TO 'smf.localdomain' (SCTP,soc#9): (../lib/diameter/common/logger.c:108)
01/18 19:53:37.093: [app] INFO: Signal-NUM[28] received (Window changed) (../src/main.c:63)
01/18 22:14:47.826: [app] INFO: SIGINT received (../src/main.c:53)
01/18 22:14:47.826: [app] INFO: Open5GS daemon terminating... (../src/main.c:226)
01/18 22:14:47.947: [app] INFO: PCRF terminate...done (../src/pcrf/app-init.c:39)
Open5GS daemon v2.7.0-23-gea7708b

01/18 22:16:08.347: [app] INFO: Configuration: '/root/open5gs/install/etc/open5gs/pcrf.yaml' (../lib/app/ogs-init.c:130)
01/18 22:16:08.347: [app] INFO: File Logging: '/root/open5gs/install/var/log/open5gs/pcrf.log' (../lib/app/ogs-init.c:133)
01/18 22:16:08.349: [dbi] INFO: MongoDB URI: 'mongodb://localhost/open5gs' (../lib/dbi/ogs-mongoc.c:130)
01/18 22:16:08.415: [app] INFO: PCRF initialize...done (../src/pcrf/app-init.c:31)
01/18 22:16:08.474: [diam] INFO: CONNECTED TO 'smf.localdomain' (SCTP,soc#15): (../lib/diameter/common/logger.c:108)
01/18 22:28:12.232: [app] INFO: Signal-NUM[28] received (Window changed) (../src/main.c:63)
01/18 22:28:12.764: [app] INFO: Signal-NUM[28] received (Window changed) (../src/main.c:63)
01/19 00:21:44.081: [app] INFO: Signal-NUM[28] received (Window changed) (../src/main.c:63)
01/19 00:21:44.579: [app] INFO: Signal-NUM[28] received (Window changed) (../src/main.c:63)
Open5GS daemon v2.7.0-23-gea7708b

01/19 22:21:38.216: [app] INFO: Configuration: '/root/open5gs/install/etc/open5gs/pcrf.yaml' (../lib/app/ogs-init.c:130)
01/19 22:21:38.216: [app] INFO: File Logging: '/root/open5gs/install/var/log/open5gs/pcrf.log' (../lib/app/ogs-init.c:133)
01/19 22:21:38.237: [dbi] INFO: MongoDB URI: 'mongodb://localhost/open5gs' (../lib/dbi/ogs-mongoc.c:130)
01/19 22:21:38.350: [app] INFO: PCRF initialize...done (../src/pcrf/app-init.c:31)
01/19 22:21:38.416: [diam] INFO: CONNECTED TO 'smf.localdomain' (SCTP,soc#8): (../lib/diameter/common/logger.c:108)
01/19 22:22:23.090: [app] INFO: SIGINT received (../src/main.c:53)
01/19 22:22:23.090: [app] INFO: Open5GS daemon terminating... (../src/main.c:226)
01/19 22:22:23.212: [app] INFO: PCRF terminate...done (../src/pcrf/app-init.c:39)
Open5GS daemon v2.7.0-23-gea7708b

01/19 22:23:59.009: [app] INFO: Configuration: '/root/open5gs/install/etc/open5gs/pcrf.yaml' (../lib/app/ogs-init.c:130)
01/19 22:23:59.009: [app] INFO: File Logging: '/root/open5gs/install/var/log/open5gs/pcrf.log' (../lib/app/ogs-init.c:133)
01/19 22:23:59.018: [dbi] INFO: MongoDB URI: 'mongodb://localhost/open5gs' (../lib/dbi/ogs-mongoc.c:130)
01/19 22:23:59.116: [app] INFO: PCRF initialize...done (../src/pcrf/app-init.c:31)
01/19 22:23:59.175: [diam] INFO: CONNECTED TO 'smf.localdomain' (SCTP,soc#8): (../lib/diameter/common/logger.c:108)
01/19 22:24:03.294: [app] INFO: SIGINT received (../src/main.c:53)
01/19 22:24:03.294: [app] INFO: Open5GS daemon terminating... (../src/main.c:226)
01/19 22:24:03.414: [app] INFO: PCRF terminate...done (../src/pcrf/app-init.c:39)
Open5GS daemon v2.7.0-23-gea7708b

01/19 22:24:05.228: [app] INFO: Configuration: '/root/open5gs/install/etc/open5gs/pcrf.yaml' (../lib/app/ogs-init.c:130)
01/19 22:24:05.228: [app] INFO: File Logging: '/root/open5gs/install/var/log/open5gs/pcrf.log' (../lib/app/ogs-init.c:133)
01/19 22:24:05.237: [dbi] INFO: MongoDB URI: 'mongodb://localhost/open5gs' (../lib/dbi/ogs-mongoc.c:130)
01/19 22:24:05.295: [app] INFO: PCRF initialize...done (../src/pcrf/app-init.c:31)
01/19 22:24:05.307: [diam] INFO: CONNECTED TO 'smf.localdomain' (SCTP,soc#15): (../lib/diameter/common/logger.c:108)
01/19 22:24:06.807: [app] INFO: SIGINT received (../src/main.c:53)
01/19 22:24:06.807: [app] INFO: Open5GS daemon terminating... (../src/main.c:226)
01/19 22:24:06.923: [app] INFO: PCRF terminate...done (../src/pcrf/app-init.c:39)
Open5GS daemon v2.7.0-23-gea7708b

01/19 22:24:11.686: [app] INFO: Configuration: '/root/open5gs/install/etc/open5gs/pcrf.yaml' (../lib/app/ogs-init.c:130)
01/19 22:24:11.695: [app] INFO: File Logging: '/root/open5gs/install/var/log/open5gs/pcrf.log' (../lib/app/ogs-init.c:133)
01/19 22:24:11.697: [dbi] INFO: MongoDB URI: 'mongodb://localhost/open5gs' (../lib/dbi/ogs-mongoc.c:130)
01/19 22:24:11.743: [app] INFO: PCRF initialize...done (../src/pcrf/app-init.c:31)
01/19 22:24:11.784: [diam] INFO: CONNECTED TO 'smf.localdomain' (SCTP,soc#12): (../lib/diameter/common/logger.c:108)
01/19 22:24:13.561: [app] INFO: SIGINT received (../src/main.c:53)
01/19 22:24:13.561: [app] INFO: Open5GS daemon terminating... (../src/main.c:226)
01/19 22:24:13.678: [app] INFO: PCRF terminate...done (../src/pcrf/app-init.c:39)
Open5GS daemon v2.7.0-23-gea7708b

01/19 22:24:47.528: [app] INFO: Configuration: '/root/open5gs/install/etc/open5gs/pcrf.yaml' (../lib/app/ogs-init.c:130)
01/19 22:24:47.528: [app] INFO: File Logging: '/root/open5gs/install/var/log/open5gs/pcrf.log' (../lib/app/ogs-init.c:133)
01/19 22:24:47.529: [dbi] INFO: MongoDB URI: 'mongodb://localhost/open5gs' (../lib/dbi/ogs-mongoc.c:130)
01/19 22:24:47.591: [app] INFO: PCRF initialize...done (../src/pcrf/app-init.c:31)
01/19 22:24:47.683: [diam] INFO: CONNECTED TO 'smf.localdomain' (SCTP,soc#9): (../lib/diameter/common/logger.c:108)
01/19 22:34:54.796: [app] INFO: Signal-NUM[28] received (Window changed) (../src/main.c:63)
01/19 22:36:41.340: [app] INFO: SIGINT received (../src/main.c:53)
01/19 22:36:41.340: [app] INFO: Open5GS daemon terminating... (../src/main.c:226)
01/19 22:36:41.463: [app] INFO: PCRF terminate...done (../src/pcrf/app-init.c:39)
Open5GS daemon v2.7.0-23-gea7708b

01/20 09:03:42.425: [app] INFO: Configuration: '/root/open5gs/install/etc/open5gs/pcrf.yaml' (../lib/app/ogs-init.c:130)
01/20 09:03:42.425: [app] INFO: File Logging: '/root/open5gs/install/var/log/open5gs/pcrf.log' (../lib/app/ogs-init.c:133)
01/20 09:03:42.448: [dbi] INFO: MongoDB URI: 'mongodb://localhost/open5gs' (../lib/dbi/ogs-mongoc.c:130)
01/20 09:03:42.509: [app] INFO: PCRF initialize...done (../src/pcrf/app-init.c:31)
01/20 09:03:42.587: [diam] INFO: CONNECTED TO 'smf.localdomain' (SCTP,soc#8): (../lib/diameter/common/logger.c:108)
01/20 22:10:30.464: [app] INFO: SIGINT received (../src/main.c:53)
01/20 22:10:30.464: [app] INFO: Open5GS daemon terminating... (../src/main.c:226)
01/20 22:10:30.589: [app] INFO: PCRF terminate...done (../src/pcrf/app-init.c:39)
Open5GS daemon v2.7.0-23-gea7708b

01/20 22:10:37.713: [app] INFO: Configuration: '/root/open5gs/install/etc/open5gs/pcrf.yaml' (../lib/app/ogs-init.c:130)
01/20 22:10:37.718: [app] INFO: File Logging: '/root/open5gs/install/var/log/open5gs/pcrf.log' (../lib/app/ogs-init.c:133)
01/20 22:10:37.719: [dbi] INFO: MongoDB URI: 'mongodb://localhost/open5gs' (../lib/dbi/ogs-mongoc.c:130)
01/20 22:10:37.796: [app] INFO: PCRF initialize...done (../src/pcrf/app-init.c:31)
01/20 22:10:37.845: [diam] INFO: CONNECTED TO 'smf.localdomain' (SCTP,soc#14): (../lib/diameter/common/logger.c:108)
01/20 23:50:27.178: [app] INFO: Signal-NUM[28] received (Window changed) (../src/main.c:63)
01/20 23:50:29.254: [app] INFO: SIGINT received (../src/main.c:53)
01/20 23:50:29.255: [app] INFO: Open5GS daemon terminating... (../src/main.c:226)
01/20 23:50:29.403: [app] INFO: PCRF terminate...done (../src/pcrf/app-init.c:39)
Open5GS daemon v2.7.0-23-gea7708b

01/20 23:50:30.752: [app] INFO: Configuration: '/root/open5gs/install/etc/open5gs/pcrf.yaml' (../lib/app/ogs-init.c:130)
01/20 23:50:30.752: [app] INFO: File Logging: '/root/open5gs/install/var/log/open5gs/pcrf.log' (../lib/app/ogs-init.c:133)
01/20 23:50:30.776: [dbi] INFO: MongoDB URI: 'mongodb://localhost/open5gs' (../lib/dbi/ogs-mongoc.c:130)
01/20 23:50:30.829: [app] INFO: PCRF initialize...done (../src/pcrf/app-init.c:31)
01/20 23:50:30.833: [diam] INFO: CONNECTED TO 'smf.localdomain' (SCTP,soc#12): (../lib/diameter/common/logger.c:108)
01/20 23:50:33.046: [app] INFO: SIGINT received (../src/main.c:53)
01/20 23:50:33.046: [app] INFO: Open5GS daemon terminating... (../src/main.c:226)
01/20 23:50:33.163: [app] INFO: PCRF terminate...done (../src/pcrf/app-init.c:39)
Open5GS daemon v2.7.0-23-gea7708b

01/20 23:50:51.645: [app] INFO: Configuration: '/root/open5gs/install/etc/open5gs/pcrf.yaml' (../lib/app/ogs-init.c:130)
01/20 23:50:51.645: [app] INFO: File Logging: '/root/open5gs/install/var/log/open5gs/pcrf.log' (../lib/app/ogs-init.c:133)
01/20 23:50:51.674: [dbi] INFO: MongoDB URI: 'mongodb://localhost/open5gs' (../lib/dbi/ogs-mongoc.c:130)
01/20 23:50:51.803: [app] INFO: PCRF initialize...done (../src/pcrf/app-init.c:31)
01/20 23:50:51.828: [diam] INFO: CONNECTED TO 'smf.localdomain' (SCTP,soc#9): (../lib/diameter/common/logger.c:108)
Open5GS daemon v2.7.0-23-gea7708b

01/22 18:47:15.428: [app] INFO: Configuration: '/root/open5gs/install/etc/open5gs/pcrf.yaml' (../lib/app/ogs-init.c:130)
01/22 18:47:15.428: [app] INFO: File Logging: '/root/open5gs/install/var/log/open5gs/pcrf.log' (../lib/app/ogs-init.c:133)
01/22 18:47:15.436: [dbi] INFO: MongoDB URI: 'mongodb://localhost/open5gs' (../lib/dbi/ogs-mongoc.c:130)
01/22 18:47:15.523: [app] INFO: PCRF initialize...done (../src/pcrf/app-init.c:31)
01/22 18:47:15.550: [diam] INFO: CONNECTED TO 'smf.localdomain' (SCTP,soc#12): (../lib/diameter/common/logger.c:108)
01/22 19:22:39.934: [app] INFO: Signal-NUM[28] received (Window changed) (../src/main.c:63)
01/22 19:22:40.750: [app] INFO: Signal-NUM[28] received (Window changed) (../src/main.c:63)
01/22 19:57:14.137: [app] INFO: Signal-NUM[28] received (Window changed) (../src/main.c:63)
01/22 19:57:14.791: [app] INFO: Signal-NUM[28] received (Window changed) (../src/main.c:63)
01/22 20:32:08.677: [app] INFO: SIGINT received (../src/main.c:53)
01/22 20:32:08.679: [app] INFO: Open5GS daemon terminating... (../src/main.c:226)
01/22 20:32:08.804: [app] INFO: PCRF terminate...done (../src/pcrf/app-init.c:39)
Open5GS daemon v2.7.0-23-gea7708b

01/22 20:32:53.165: [app] INFO: Configuration: '/root/open5gs/install/etc/open5gs/pcrf.yaml' (../lib/app/ogs-init.c:130)
01/22 20:32:53.165: [app] INFO: File Logging: '/root/open5gs/install/var/log/open5gs/pcrf.log' (../lib/app/ogs-init.c:133)
01/22 20:32:53.168: [dbi] INFO: MongoDB URI: 'mongodb://localhost/open5gs' (../lib/dbi/ogs-mongoc.c:130)
01/22 20:32:53.201: [app] INFO: PCRF initialize...done (../src/pcrf/app-init.c:31)
01/22 20:32:53.304: [diam] INFO: CONNECTED TO 'smf.localdomain' (SCTP,soc#12): (../lib/diameter/common/logger.c:108)
01/22 21:22:43.021: [app] INFO: Signal-NUM[28] received (Window changed) (../src/main.c:63)
01/22 21:59:48.371: [app] INFO: Signal-NUM[28] received (Window changed) (../src/main.c:63)
01/22 21:59:49.585: [app] INFO: Signal-NUM[28] received (Window changed) (../src/main.c:63)
01/23 00:13:09.408: [app] INFO: Signal-NUM[28] received (Window changed) (../src/main.c:63)
01/23 01:23:51.707: [app] INFO: Signal-NUM[28] received (Window changed) (../src/main.c:63)
01/23 01:31:10.980: [app] INFO: SIGINT received (../src/main.c:53)
01/23 01:31:10.980: [app] INFO: Open5GS daemon terminating... (../src/main.c:226)
01/23 01:31:11.107: [app] INFO: PCRF terminate...done (../src/pcrf/app-init.c:39)
Open5GS daemon v2.7.0-23-gea7708b

01/23 02:44:44.124: [app] INFO: Configuration: '/root/open5gs/install/etc/open5gs/pcrf.yaml' (../lib/app/ogs-init.c:130)
01/23 02:44:44.124: [app] INFO: File Logging: '/root/open5gs/install/var/log/open5gs/pcrf.log' (../lib/app/ogs-init.c:133)
01/23 02:44:44.126: [dbi] INFO: MongoDB URI: 'mongodb://localhost/open5gs' (../lib/dbi/ogs-mongoc.c:130)
01/23 02:44:44.194: [app] INFO: PCRF initialize...done (../src/pcrf/app-init.c:31)
01/23 02:44:44.281: [diam] INFO: CONNECTED TO 'smf.localdomain' (SCTP,soc#9): (../lib/diameter/common/logger.c:108)
01/23 04:39:48.104: [app] INFO: SIGINT received (../src/main.c:53)
01/23 04:39:48.104: [app] INFO: Open5GS daemon terminating... (../src/main.c:226)
01/23 04:39:48.222: [app] INFO: PCRF terminate...done (../src/pcrf/app-init.c:39)
Open5GS daemon v2.7.0-23-gea7708b

01/23 04:40:24.330: [app] INFO: Configuration: '/root/open5gs/install/etc/open5gs/pcrf.yaml' (../lib/app/ogs-init.c:130)
01/23 04:40:24.330: [app] INFO: File Logging: '/root/open5gs/install/var/log/open5gs/pcrf.log' (../lib/app/ogs-init.c:133)
01/23 04:40:24.341: [dbi] INFO: MongoDB URI: 'mongodb://localhost/open5gs' (../lib/dbi/ogs-mongoc.c:130)
01/23 04:40:24.393: [app] INFO: PCRF initialize...done (../src/pcrf/app-init.c:31)
01/23 04:40:24.459: [diam] INFO: CONNECTED TO 'smf.localdomain' (SCTP,soc#11): (../lib/diameter/common/logger.c:108)
01/23 04:40:41.467: [app] INFO: SIGINT received (../src/main.c:53)
01/23 04:40:41.467: [app] INFO: Open5GS daemon terminating... (../src/main.c:226)
01/23 04:40:41.583: [app] INFO: PCRF terminate...done (../src/pcrf/app-init.c:39)
Open5GS daemon v2.7.0-23-gea7708b

01/23 04:40:42.808: [app] INFO: Configuration: '/root/open5gs/install/etc/open5gs/pcrf.yaml' (../lib/app/ogs-init.c:130)
01/23 04:40:42.808: [app] INFO: File Logging: '/root/open5gs/install/var/log/open5gs/pcrf.log' (../lib/app/ogs-init.c:133)
01/23 04:40:42.809: [dbi] INFO: MongoDB URI: 'mongodb://localhost/open5gs' (../lib/dbi/ogs-mongoc.c:130)
01/23 04:40:42.894: [app] INFO: PCRF initialize...done (../src/pcrf/app-init.c:31)
01/23 04:40:42.898: [diam] INFO: CONNECTED TO 'smf.localdomain' (SCTP,soc#13): (../lib/diameter/common/logger.c:108)
01/23 04:40:44.194: [app] INFO: SIGINT received (../src/main.c:53)
01/23 04:40:44.194: [app] INFO: Open5GS daemon terminating... (../src/main.c:226)
01/23 04:40:44.311: [app] INFO: PCRF terminate...done (../src/pcrf/app-init.c:39)
Open5GS daemon v2.7.0-23-gea7708b

01/23 04:53:57.970: [app] INFO: Configuration: '/root/open5gs/install/etc/open5gs/pcrf.yaml' (../lib/app/ogs-init.c:130)
01/23 04:53:57.970: [app] INFO: File Logging: '/root/open5gs/install/var/log/open5gs/pcrf.log' (../lib/app/ogs-init.c:133)
01/23 04:53:57.972: [dbi] INFO: MongoDB URI: 'mongodb://localhost/open5gs' (../lib/dbi/ogs-mongoc.c:130)
01/23 04:53:58.029: [app] INFO: PCRF initialize...done (../src/pcrf/app-init.c:31)
01/23 05:32:11.293: [diam] INFO: CONNECTED TO 'smf.localdomain' (SCTP,soc#8): (../lib/diameter/common/logger.c:108)
01/23 05:32:34.344: [diam] INFO: CONNECTED TO 'smf.localdomain' (SCTP,soc#15): (../lib/diameter/common/logger.c:108)
01/23 05:33:14.012: [diam] INFO: CONNECTED TO 'smf.localdomain' (SCTP,soc#8): (../lib/diameter/common/logger.c:108)
01/23 05:34:39.081: [diam] INFO: CONNECTED TO 'smf.localdomain' (SCTP,soc#15): (../lib/diameter/common/logger.c:108)
01/23 05:35:36.782: [diam] INFO: CONNECTED TO 'smf.localdomain' (SCTP,soc#8): (../lib/diameter/common/logger.c:108)
01/23 05:37:52.734: [diam] INFO: CONNECTED TO 'smf.localdomain' (SCTP,soc#15): (../lib/diameter/common/logger.c:108)
01/23 05:39:36.912: [diam] INFO: CONNECTED TO 'smf.localdomain' (SCTP,soc#8): (../lib/diameter/common/logger.c:108)
01/23 05:48:23.839: [diam] INFO: CONNECTED TO 'smf.localdomain' (SCTP,soc#15): (../lib/diameter/common/logger.c:108)
01/23 05:49:48.917: [diam] INFO: CONNECTED TO 'smf.localdomain' (SCTP,soc#8): (../lib/diameter/common/logger.c:108)
01/23 06:18:38.334: [app] INFO: Signal-NUM[28] received (Window changed) (../src/main.c:63)
01/23 06:18:39.141: [app] INFO: Signal-NUM[28] received (Window changed) (../src/main.c:63)
01/23 16:47:51.129: [app] INFO: Signal-NUM[28] received (Window changed) (../src/main.c:63)
01/23 16:49:28.357: [app] INFO: Signal-NUM[28] received (Window changed) (../src/main.c:63)
01/23 18:53:25.242: [app] INFO: Signal-NUM[28] received (Window changed) (../src/main.c:63)
01/23 20:58:25.390: [app] INFO: Signal-NUM[28] received (Window changed) (../src/main.c:63)
01/23 20:58:25.394: [app] INFO: Signal-NUM[28] received (Window changed) (../src/main.c:63)
01/23 20:58:26.902: [app] INFO: Signal-NUM[28] received (Window changed) (../src/main.c:63)
01/23 20:58:26.906: [app] INFO: Signal-NUM[28] received (Window changed) (../src/main.c:63)
01/23 21:29:12.241: [diam] INFO: CONNECTED TO 'smf.localdomain' (SCTP,soc#15): (../lib/diameter/common/logger.c:108)
01/23 21:29:18.418: [app] INFO: SIGINT received (../src/main.c:53)
01/23 21:29:18.418: [app] INFO: Open5GS daemon terminating... (../src/main.c:226)
01/23 21:29:18.537: [app] INFO: PCRF terminate...done (../src/pcrf/app-init.c:39)
Open5GS daemon v2.7.0-23-gea7708b

01/23 21:30:30.602: [app] INFO: Configuration: '/root/open5gs/install/etc/open5gs/pcrf.yaml' (../lib/app/ogs-init.c:130)
01/23 21:30:30.602: [app] INFO: File Logging: '/root/open5gs/install/var/log/open5gs/pcrf.log' (../lib/app/ogs-init.c:133)
01/23 21:30:30.623: [dbi] INFO: MongoDB URI: 'mongodb://localhost/open5gs' (../lib/dbi/ogs-mongoc.c:130)
01/23 21:30:30.690: [app] INFO: PCRF initialize...done (../src/pcrf/app-init.c:31)
01/23 21:30:43.426: [diam] INFO: CONNECTED TO 'smf.localdomain' (SCTP,soc#8): (../lib/diameter/common/logger.c:108)
01/23 22:25:15.821: [app] INFO: SIGINT received (../src/main.c:53)
01/23 22:25:15.822: [app] INFO: Open5GS daemon terminating... (../src/main.c:226)
01/23 22:25:15.983: [app] INFO: PCRF terminate...done (../src/pcrf/app-init.c:39)
Open5GS daemon v2.7.0-23-gea7708b

01/23 22:57:14.036: [app] INFO: Configuration: '/root/open5gs/install/etc/open5gs/pcrf.yaml' (../lib/app/ogs-init.c:130)
01/23 22:57:14.036: [app] INFO: File Logging: '/root/open5gs/install/var/log/open5gs/pcrf.log' (../lib/app/ogs-init.c:133)
01/23 22:57:14.043: [dbi] INFO: MongoDB URI: 'mongodb://localhost/open5gs' (../lib/dbi/ogs-mongoc.c:130)
01/23 22:57:14.100: [app] INFO: PCRF initialize...done (../src/pcrf/app-init.c:31)
01/23 22:57:51.027: [diam] INFO: CONNECTED TO 'smf.localdomain' (SCTP,soc#11): (../lib/diameter/common/logger.c:108)
01/23 23:30:04.932: [app] INFO: SIGINT received (../src/main.c:53)
01/23 23:30:04.932: [app] INFO: Open5GS daemon terminating... (../src/main.c:226)
01/23 23:30:05.057: [app] INFO: PCRF terminate...done (../src/pcrf/app-init.c:39)
Open5GS daemon v2.7.0-23-gea7708b

01/24 23:58:46.297: [app] INFO: Configuration: '/root/open5gs/install/etc/open5gs/pcrf.yaml' (../lib/app/ogs-init.c:130)
01/24 23:58:46.297: [app] INFO: File Logging: '/root/open5gs/install/var/log/open5gs/pcrf.log' (../lib/app/ogs-init.c:133)
01/24 23:58:46.301: [dbi] INFO: MongoDB URI: 'mongodb://localhost/open5gs' (../lib/dbi/ogs-mongoc.c:130)
01/24 23:58:46.361: [app] INFO: PCRF initialize...done (../src/pcrf/app-init.c:31)
01/24 23:58:46.432: [diam] INFO: CONNECTED TO 'smf.localdomain' (SCTP,soc#8): (../lib/diameter/common/logger.c:108)
01/25 00:05:58.180: [app] INFO: Signal-NUM[28] received (Window changed) (../src/main.c:63)
01/25 00:09:21.881: [app] INFO: SIGINT received (../src/main.c:53)
01/25 00:09:21.881: [app] INFO: Open5GS daemon terminating... (../src/main.c:226)
01/25 00:09:22.005: [app] INFO: PCRF terminate...done (../src/pcrf/app-init.c:39)
Open5GS daemon v2.7.0-23-gea7708b

01/25 00:09:49.776: [app] INFO: Configuration: '/root/open5gs/install/etc/open5gs/pcrf.yaml' (../lib/app/ogs-init.c:130)
01/25 00:09:49.776: [app] INFO: File Logging: '/root/open5gs/install/var/log/open5gs/pcrf.log' (../lib/app/ogs-init.c:133)
01/25 00:09:49.777: [dbi] INFO: MongoDB URI: 'mongodb://localhost/open5gs' (../lib/dbi/ogs-mongoc.c:130)
01/25 00:09:49.824: [app] INFO: PCRF initialize...done (../src/pcrf/app-init.c:31)
01/25 00:09:49.890: [diam] INFO: CONNECTED TO 'smf.localdomain' (SCTP,soc#8): (../lib/diameter/common/logger.c:108)
01/25 00:23:21.018: [app] INFO: SIGINT received (../src/main.c:53)
01/25 00:23:21.018: [app] INFO: Open5GS daemon terminating... (../src/main.c:226)
01/25 00:23:21.139: [app] INFO: PCRF terminate...done (../src/pcrf/app-init.c:39)
Open5GS daemon v2.7.0-23-gea7708b

01/25 00:25:06.638: [app] INFO: Configuration: '/root/open5gs/install/etc/open5gs/pcrf.yaml' (../lib/app/ogs-init.c:130)
01/25 00:25:06.638: [app] INFO: File Logging: '/root/open5gs/install/var/log/open5gs/pcrf.log' (../lib/app/ogs-init.c:133)
01/25 00:25:06.639: [dbi] INFO: MongoDB URI: 'mongodb://localhost/open5gs' (../lib/dbi/ogs-mongoc.c:130)
01/25 00:25:06.692: [app] INFO: PCRF initialize...done (../src/pcrf/app-init.c:31)
01/25 00:25:06.747: [diam] INFO: CONNECTED TO 'smf.localdomain' (SCTP,soc#12): (../lib/diameter/common/logger.c:108)
01/25 00:27:02.933: [app] INFO: SIGINT received (../src/main.c:53)
01/25 00:27:02.933: [app] INFO: Open5GS daemon terminating... (../src/main.c:226)
01/25 00:27:03.048: [app] INFO: PCRF terminate...done (../src/pcrf/app-init.c:39)
Open5GS daemon v2.7.0-23-gea7708b

01/25 00:27:10.004: [app] INFO: Configuration: '/root/open5gs/install/etc/open5gs/pcrf.yaml' (../lib/app/ogs-init.c:130)
01/25 00:27:10.004: [app] INFO: File Logging: '/root/open5gs/install/var/log/open5gs/pcrf.log' (../lib/app/ogs-init.c:133)
01/25 00:27:10.007: [dbi] INFO: MongoDB URI: 'mongodb://localhost/open5gs' (../lib/dbi/ogs-mongoc.c:130)
01/25 00:27:10.100: [app] INFO: PCRF initialize...done (../src/pcrf/app-init.c:31)
01/25 00:27:10.104: [diam] INFO: CONNECTED TO 'smf.localdomain' (SCTP,soc#15): (../lib/diameter/common/logger.c:108)
01/25 00:28:12.009: [app] INFO: SIGINT received (../src/main.c:53)
01/25 00:28:12.009: [app] INFO: Open5GS daemon terminating... (../src/main.c:226)
01/25 00:28:12.126: [app] INFO: PCRF terminate...done (../src/pcrf/app-init.c:39)
Open5GS daemon v2.7.0-23-gea7708b

01/25 00:29:06.822: [app] INFO: Configuration: '/root/open5gs/install/etc/open5gs/pcrf.yaml' (../lib/app/ogs-init.c:130)
01/25 00:29:06.822: [app] INFO: File Logging: '/root/open5gs/install/var/log/open5gs/pcrf.log' (../lib/app/ogs-init.c:133)
01/25 00:29:06.838: [dbi] INFO: MongoDB URI: 'mongodb://localhost/open5gs' (../lib/dbi/ogs-mongoc.c:130)
01/25 00:29:06.982: [app] INFO: PCRF initialize...done (../src/pcrf/app-init.c:31)
01/25 00:29:06.985: [diam] INFO: CONNECTED TO 'smf.localdomain' (SCTP,soc#15): (../lib/diameter/common/logger.c:108)
01/25 00:35:00.226: [app] INFO: Signal-NUM[28] received (Window changed) (../src/main.c:63)
01/25 00:35:00.226: [app] INFO: Signal-NUM[28] received (Window changed) (../src/main.c:63)
01/25 00:35:02.889: [app] INFO: Signal-NUM[28] received (Window changed) (../src/main.c:63)
01/25 00:35:16.614: [app] INFO: Signal-NUM[28] received (Window changed) (../src/main.c:63)
01/25 00:35:17.473: [app] INFO: Signal-NUM[28] received (Window changed) (../src/main.c:63)
01/25 00:36:08.681: [app] INFO: Signal-NUM[28] received (Window changed) (../src/main.c:63)
01/25 00:36:10.309: [app] INFO: Signal-NUM[28] received (Window changed) (../src/main.c:63)
01/25 00:36:10.310: [app] INFO: Signal-NUM[28] received (Window changed) (../src/main.c:63)
01/25 03:20:10.589: [app] INFO: Signal-NUM[28] received (Window changed) (../src/main.c:63)
01/25 03:20:11.733: [app] INFO: SIGINT received (../src/main.c:53)
01/25 03:20:11.733: [app] INFO: Open5GS daemon terminating... (../src/main.c:226)
01/25 03:20:11.866: [app] INFO: PCRF terminate...done (../src/pcrf/app-init.c:39)
Open5GS daemon v2.7.0-23-gea7708b

01/25 19:30:04.357: [app] INFO: Configuration: '/root/open5gs/install/etc/open5gs/pcrf.yaml' (../lib/app/ogs-init.c:130)
01/25 19:30:04.357: [app] INFO: File Logging: '/root/open5gs/install/var/log/open5gs/pcrf.log' (../lib/app/ogs-init.c:133)
01/25 19:30:04.359: [dbi] INFO: MongoDB URI: 'mongodb://localhost/open5gs' (../lib/dbi/ogs-mongoc.c:130)
01/25 19:30:04.473: [app] INFO: PCRF initialize...done (../src/pcrf/app-init.c:31)
01/25 19:30:04.487: [diam] INFO: CONNECTED TO 'smf.localdomain' (SCTP,soc#8): (../lib/diameter/common/logger.c:108)
01/25 19:38:04.429: [app] INFO: Signal-NUM[28] received (Window changed) (../src/main.c:63)
01/25 19:38:11.197: [app] INFO: SIGINT received (../src/main.c:53)
01/25 19:38:11.197: [app] INFO: Open5GS daemon terminating... (../src/main.c:226)
01/25 19:38:11.317: [app] INFO: PCRF terminate...done (../src/pcrf/app-init.c:39)
Open5GS daemon v2.7.0-23-gea7708b

01/25 19:38:15.788: [app] INFO: Configuration: '/root/open5gs/install/etc/open5gs/pcrf.yaml' (../lib/app/ogs-init.c:130)
01/25 19:38:15.788: [app] INFO: File Logging: '/root/open5gs/install/var/log/open5gs/pcrf.log' (../lib/app/ogs-init.c:133)
01/25 19:38:15.790: [dbi] INFO: MongoDB URI: 'mongodb://localhost/open5gs' (../lib/dbi/ogs-mongoc.c:130)
01/25 19:38:15.843: [app] INFO: PCRF initialize...done (../src/pcrf/app-init.c:31)
01/25 19:38:15.849: [diam] INFO: CONNECTED TO 'smf.localdomain' (SCTP,soc#12): (../lib/diameter/common/logger.c:108)
01/25 19:38:17.622: [app] INFO: SIGINT received (../src/main.c:53)
01/25 19:38:17.622: [app] INFO: Open5GS daemon terminating... (../src/main.c:226)
01/25 19:38:17.743: [app] INFO: PCRF terminate...done (../src/pcrf/app-init.c:39)
Open5GS daemon v2.7.0-23-gea7708b

01/25 19:38:39.881: [app] INFO: Configuration: '/root/open5gs/install/etc/open5gs/pcrf.yaml' (../lib/app/ogs-init.c:130)
01/25 19:38:39.881: [app] INFO: File Logging: '/root/open5gs/install/var/log/open5gs/pcrf.log' (../lib/app/ogs-init.c:133)
01/25 19:38:39.890: [dbi] INFO: MongoDB URI: 'mongodb://localhost/open5gs' (../lib/dbi/ogs-mongoc.c:130)
01/25 19:38:40.010: [app] INFO: PCRF initialize...done (../src/pcrf/app-init.c:31)
01/25 19:38:40.012: [diam] INFO: CONNECTED TO 'smf.localdomain' (SCTP,soc#15): (../lib/diameter/common/logger.c:108)
01/25 20:01:13.993: [app] INFO: SIGINT received (../src/main.c:53)
01/25 20:01:13.993: [app] INFO: Open5GS daemon terminating... (../src/main.c:226)
01/25 20:01:14.112: [app] INFO: PCRF terminate...done (../src/pcrf/app-init.c:39)
Open5GS daemon v2.7.0-23-gea7708b

01/25 20:01:50.512: [app] INFO: Configuration: '/root/open5gs/install/etc/open5gs/pcrf.yaml' (../lib/app/ogs-init.c:130)
01/25 20:01:50.512: [app] INFO: File Logging: '/root/open5gs/install/var/log/open5gs/pcrf.log' (../lib/app/ogs-init.c:133)
01/25 20:01:50.513: [dbi] INFO: MongoDB URI: 'mongodb://localhost/open5gs' (../lib/dbi/ogs-mongoc.c:130)
01/25 20:01:50.572: [app] INFO: PCRF initialize...done (../src/pcrf/app-init.c:31)
01/25 20:01:50.636: [diam] INFO: CONNECTED TO 'smf.localdomain' (SCTP,soc#8): (../lib/diameter/common/logger.c:108)
01/25 20:18:11.935: [app] INFO: SIGINT received (../src/main.c:53)
01/25 20:18:11.935: [app] INFO: Open5GS daemon terminating... (../src/main.c:226)
01/25 20:18:12.056: [app] INFO: PCRF terminate...done (../src/pcrf/app-init.c:39)
Open5GS daemon v2.7.0-23-gea7708b

01/25 20:18:20.823: [app] INFO: Configuration: '/root/open5gs/install/etc/open5gs/pcrf.yaml' (../lib/app/ogs-init.c:130)
01/25 20:18:20.823: [app] INFO: File Logging: '/root/open5gs/install/var/log/open5gs/pcrf.log' (../lib/app/ogs-init.c:133)
01/25 20:18:20.825: [dbi] INFO: MongoDB URI: 'mongodb://localhost/open5gs' (../lib/dbi/ogs-mongoc.c:130)
01/25 20:18:20.859: [app] INFO: PCRF initialize...done (../src/pcrf/app-init.c:31)
01/25 20:18:21.002: [diam] INFO: CONNECTED TO 'smf.localdomain' (SCTP,soc#14): (../lib/diameter/common/logger.c:108)
01/25 21:05:52.119: [app] INFO: SIGINT received (../src/main.c:53)
01/25 21:05:52.120: [app] INFO: Open5GS daemon terminating... (../src/main.c:226)
01/25 21:05:52.243: [app] INFO: PCRF terminate...done (../src/pcrf/app-init.c:39)
Open5GS daemon v2.7.0-23-gea7708b

01/25 21:06:00.282: [app] INFO: Configuration: '/root/open5gs/install/etc/open5gs/pcrf.yaml' (../lib/app/ogs-init.c:130)
01/25 21:06:00.282: [app] INFO: File Logging: '/root/open5gs/install/var/log/open5gs/pcrf.log' (../lib/app/ogs-init.c:133)
01/25 21:06:00.285: [dbi] INFO: MongoDB URI: 'mongodb://localhost/open5gs' (../lib/dbi/ogs-mongoc.c:130)
01/25 21:06:00.420: [app] INFO: PCRF initialize...done (../src/pcrf/app-init.c:31)
01/25 21:06:00.462: [diam] INFO: CONNECTED TO 'smf.localdomain' (SCTP,soc#8): (../lib/diameter/common/logger.c:108)
01/25 21:19:55.606: [app] INFO: SIGINT received (../src/main.c:53)
01/25 21:19:55.606: [app] INFO: Open5GS daemon terminating... (../src/main.c:226)
01/25 21:19:55.732: [app] INFO: PCRF terminate...done (../src/pcrf/app-init.c:39)
Open5GS daemon v2.7.0-23-gea7708b

01/25 21:20:00.380: [app] INFO: Configuration: '/root/open5gs/install/etc/open5gs/pcrf.yaml' (../lib/app/ogs-init.c:130)
01/25 21:20:00.380: [app] INFO: File Logging: '/root/open5gs/install/var/log/open5gs/pcrf.log' (../lib/app/ogs-init.c:133)
01/25 21:20:00.383: [dbi] INFO: MongoDB URI: 'mongodb://localhost/open5gs' (../lib/dbi/ogs-mongoc.c:130)
01/25 21:20:00.424: [app] INFO: PCRF initialize...done (../src/pcrf/app-init.c:31)
01/25 21:20:00.462: [diam] INFO: CONNECTED TO 'smf.localdomain' (SCTP,soc#11): (../lib/diameter/common/logger.c:108)
01/25 21:30:10.871: [app] INFO: SIGINT received (../src/main.c:53)
01/25 21:30:10.871: [app] INFO: Open5GS daemon terminating... (../src/main.c:226)
01/25 21:30:10.998: [app] INFO: PCRF terminate...done (../src/pcrf/app-init.c:39)
Open5GS daemon v2.7.0-23-gea7708b

01/25 21:30:18.730: [app] INFO: Configuration: '/root/open5gs/install/etc/open5gs/pcrf.yaml' (../lib/app/ogs-init.c:130)
01/25 21:30:18.730: [app] INFO: File Logging: '/root/open5gs/install/var/log/open5gs/pcrf.log' (../lib/app/ogs-init.c:133)
01/25 21:30:18.732: [dbi] INFO: MongoDB URI: 'mongodb://localhost/open5gs' (../lib/dbi/ogs-mongoc.c:130)
01/25 21:30:18.831: [app] INFO: PCRF initialize...done (../src/pcrf/app-init.c:31)
01/25 21:30:18.865: [diam] INFO: CONNECTED TO 'smf.localdomain' (SCTP,soc#8): (../lib/diameter/common/logger.c:108)
01/25 22:03:25.783: [app] INFO: Signal-NUM[28] received (Window changed) (../src/main.c:63)
01/25 22:03:26.328: [app] INFO: Signal-NUM[28] received (Window changed) (../src/main.c:63)
01/25 22:13:43.535: [app] INFO: SIGINT received (../src/main.c:53)
01/25 22:13:43.535: [app] INFO: Open5GS daemon terminating... (../src/main.c:226)
01/25 22:13:43.657: [app] INFO: PCRF terminate...done (../src/pcrf/app-init.c:39)
Open5GS daemon v2.7.0-23-gea7708b

01/25 22:13:49.089: [app] INFO: Configuration: '/root/open5gs/install/etc/open5gs/pcrf.yaml' (../lib/app/ogs-init.c:130)
01/25 22:13:49.089: [app] INFO: File Logging: '/root/open5gs/install/var/log/open5gs/pcrf.log' (../lib/app/ogs-init.c:133)
01/25 22:13:49.090: [dbi] INFO: MongoDB URI: 'mongodb://localhost/open5gs' (../lib/dbi/ogs-mongoc.c:130)
01/25 22:13:49.127: [app] INFO: PCRF initialize...done (../src/pcrf/app-init.c:31)
01/25 22:13:49.234: [diam] INFO: CONNECTED TO 'smf.localdomain' (SCTP,soc#13): (../lib/diameter/common/logger.c:108)
01/25 23:06:36.932: [app] INFO: SIGINT received (../src/main.c:53)
01/25 23:06:36.932: [app] INFO: Open5GS daemon terminating... (../src/main.c:226)
01/25 23:06:37.051: [app] INFO: PCRF terminate...done (../src/pcrf/app-init.c:39)
Open5GS daemon v2.7.0-23-gea7708b

01/26 02:36:03.715: [app] INFO: Configuration: '/root/open5gs/install/etc/open5gs/pcrf.yaml' (../lib/app/ogs-init.c:130)
01/26 02:36:03.715: [app] INFO: File Logging: '/root/open5gs/install/var/log/open5gs/pcrf.log' (../lib/app/ogs-init.c:133)
01/26 02:36:03.723: [dbi] INFO: MongoDB URI: 'mongodb://localhost/open5gs' (../lib/dbi/ogs-mongoc.c:130)
01/26 02:36:03.847: [app] INFO: PCRF initialize...done (../src/pcrf/app-init.c:31)
01/26 02:36:03.899: [diam] INFO: CONNECTED TO 'smf.localdomain' (SCTP,soc#8): (../lib/diameter/common/logger.c:108)
01/26 02:37:54.680: [app] INFO: SIGINT received (../src/main.c:53)
01/26 02:37:54.680: [app] INFO: Open5GS daemon terminating... (../src/main.c:226)
01/26 02:37:54.795: [app] INFO: PCRF terminate...done (../src/pcrf/app-init.c:39)
Open5GS daemon v2.7.0-23-gea7708b

01/26 02:38:00.191: [app] INFO: Configuration: '/root/open5gs/install/etc/open5gs/pcrf.yaml' (../lib/app/ogs-init.c:130)
01/26 02:38:00.191: [app] INFO: File Logging: '/root/open5gs/install/var/log/open5gs/pcrf.log' (../lib/app/ogs-init.c:133)
01/26 02:38:00.192: [dbi] INFO: MongoDB URI: 'mongodb://localhost/open5gs' (../lib/dbi/ogs-mongoc.c:130)
01/26 02:38:00.273: [app] INFO: PCRF initialize...done (../src/pcrf/app-init.c:31)
01/26 02:38:00.300: [diam] INFO: CONNECTED TO 'smf.localdomain' (SCTP,soc#8): (../lib/diameter/common/logger.c:108)
01/26 02:39:48.169: [app] INFO: SIGINT received (../src/main.c:53)
01/26 02:39:48.169: [app] INFO: Open5GS daemon terminating... (../src/main.c:226)
01/26 02:39:48.282: [app] INFO: PCRF terminate...done (../src/pcrf/app-init.c:39)
Open5GS daemon v2.7.0-23-gea7708b

01/26 02:40:18.655: [app] INFO: Configuration: '/root/open5gs/install/etc/open5gs/pcrf.yaml' (../lib/app/ogs-init.c:130)
01/26 02:40:18.655: [app] INFO: File Logging: '/root/open5gs/install/var/log/open5gs/pcrf.log' (../lib/app/ogs-init.c:133)
01/26 02:40:18.659: [dbi] INFO: MongoDB URI: 'mongodb://localhost/open5gs' (../lib/dbi/ogs-mongoc.c:130)
01/26 02:40:18.760: [app] INFO: PCRF initialize...done (../src/pcrf/app-init.c:31)
01/26 02:40:18.901: [diam] INFO: CONNECTED TO 'smf.localdomain' (SCTP,soc#8): (../lib/diameter/common/logger.c:108)
01/26 02:41:23.148: [app] INFO: SIGINT received (../src/main.c:53)
01/26 02:41:23.148: [app] INFO: Open5GS daemon terminating... (../src/main.c:226)
01/26 02:41:23.268: [app] INFO: PCRF terminate...done (../src/pcrf/app-init.c:39)
Open5GS daemon v2.7.0-23-gea7708b

01/26 02:51:45.624: [app] INFO: Configuration: '/root/open5gs/install/etc/open5gs/pcrf.yaml' (../lib/app/ogs-init.c:130)
01/26 02:51:45.624: [app] INFO: File Logging: '/root/open5gs/install/var/log/open5gs/pcrf.log' (../lib/app/ogs-init.c:133)
01/26 02:51:45.627: [dbi] INFO: MongoDB URI: 'mongodb://localhost/open5gs' (../lib/dbi/ogs-mongoc.c:130)
01/26 02:51:45.681: [app] INFO: PCRF initialize...done (../src/pcrf/app-init.c:31)
01/26 02:51:45.731: [diam] INFO: CONNECTED TO 'smf.localdomain' (SCTP,soc#14): (../lib/diameter/common/logger.c:108)
01/26 02:54:52.375: [app] INFO: SIGINT received (../src/main.c:53)
01/26 02:54:52.376: [app] INFO: Open5GS daemon terminating... (../src/main.c:226)
01/26 02:54:52.496: [app] INFO: PCRF terminate...done (../src/pcrf/app-init.c:39)
Open5GS daemon v2.7.0-23-gea7708b

01/26 02:55:02.400: [app] INFO: Configuration: '/root/open5gs/install/etc/open5gs/pcrf.yaml' (../lib/app/ogs-init.c:130)
01/26 02:55:02.401: [app] INFO: File Logging: '/root/open5gs/install/var/log/open5gs/pcrf.log' (../lib/app/ogs-init.c:133)
01/26 02:55:02.403: [dbi] INFO: MongoDB URI: 'mongodb://localhost/open5gs' (../lib/dbi/ogs-mongoc.c:130)
01/26 02:55:02.483: [app] INFO: PCRF initialize...done (../src/pcrf/app-init.c:31)
01/26 02:55:02.505: [diam] INFO: CONNECTED TO 'smf.localdomain' (SCTP,soc#11): (../lib/diameter/common/logger.c:108)
01/26 03:14:42.172: [app] INFO: SIGINT received (../src/main.c:53)
01/26 03:14:42.172: [app] INFO: Open5GS daemon terminating... (../src/main.c:226)
01/26 03:14:42.290: [app] INFO: PCRF terminate...done (../src/pcrf/app-init.c:39)
Open5GS daemon v2.7.0-23-gea7708b

01/26 03:14:56.290: [app] INFO: Configuration: '/root/open5gs/install/etc/open5gs/pcrf.yaml' (../lib/app/ogs-init.c:130)
01/26 03:14:56.290: [app] INFO: File Logging: '/root/open5gs/install/var/log/open5gs/pcrf.log' (../lib/app/ogs-init.c:133)
01/26 03:14:56.293: [dbi] INFO: MongoDB URI: 'mongodb://localhost/open5gs' (../lib/dbi/ogs-mongoc.c:130)
01/26 03:14:56.365: [app] INFO: PCRF initialize...done (../src/pcrf/app-init.c:31)
01/26 03:14:56.365: [diam] INFO: CONNECTED TO 'smf.localdomain' (SCTP,soc#8): (../lib/diameter/common/logger.c:108)
01/26 04:10:11.018: [app] INFO: SIGINT received (../src/main.c:53)
01/26 04:10:11.018: [app] INFO: Open5GS daemon terminating... (../src/main.c:226)
01/26 04:10:11.143: [app] INFO: PCRF terminate...done (../src/pcrf/app-init.c:39)
Open5GS daemon v2.7.0-23-gea7708b

01/26 20:22:00.538: [app] INFO: Configuration: '/root/open5gs/install/etc/open5gs/pcrf.yaml' (../lib/app/ogs-init.c:130)
01/26 20:22:00.538: [app] INFO: File Logging: '/root/open5gs/install/var/log/open5gs/pcrf.log' (../lib/app/ogs-init.c:133)
01/26 20:22:00.547: [dbi] INFO: MongoDB URI: 'mongodb://localhost/open5gs' (../lib/dbi/ogs-mongoc.c:130)
01/26 20:22:00.649: [app] INFO: PCRF initialize...done (../src/pcrf/app-init.c:31)
01/26 20:22:00.714: [diam] INFO: CONNECTED TO 'smf.localdomain' (SCTP,soc#13): (../lib/diameter/common/logger.c:108)
01/26 20:22:31.301: [app] INFO: SIGINT received (../src/main.c:53)
01/26 20:22:31.301: [app] INFO: Open5GS daemon terminating... (../src/main.c:226)
01/26 20:22:31.425: [app] INFO: PCRF terminate...done (../src/pcrf/app-init.c:39)
Open5GS daemon v2.7.0-23-gea7708b

01/26 20:22:39.473: [app] INFO: Configuration: '/root/open5gs/install/etc/open5gs/pcrf.yaml' (../lib/app/ogs-init.c:130)
01/26 20:22:39.473: [app] INFO: File Logging: '/root/open5gs/install/var/log/open5gs/pcrf.log' (../lib/app/ogs-init.c:133)
01/26 20:22:39.475: [dbi] INFO: MongoDB URI: 'mongodb://localhost/open5gs' (../lib/dbi/ogs-mongoc.c:130)
01/26 20:22:39.518: [app] INFO: PCRF initialize...done (../src/pcrf/app-init.c:31)
01/26 20:22:39.624: [diam] INFO: CONNECTED TO 'smf.localdomain' (SCTP,soc#12): (../lib/diameter/common/logger.c:108)
01/26 20:40:33.801: [app] INFO: Signal-NUM[28] received (Window changed) (../src/main.c:63)
01/26 20:40:34.534: [app] INFO: Signal-NUM[28] received (Window changed) (../src/main.c:63)
Open5GS daemon v2.7.0-23-gea7708b

01/28 21:03:05.166: [app] INFO: Configuration: '/root/open5gs/install/etc/open5gs/pcrf.yaml' (../lib/app/ogs-init.c:130)
01/28 21:03:05.166: [app] INFO: File Logging: '/root/open5gs/install/var/log/open5gs/pcrf.log' (../lib/app/ogs-init.c:133)
01/28 21:03:05.175: [dbi] INFO: MongoDB URI: 'mongodb://localhost/open5gs' (../lib/dbi/ogs-mongoc.c:130)
01/28 21:03:05.255: [app] INFO: PCRF initialize...done (../src/pcrf/app-init.c:31)
01/28 21:03:05.410: [diam] INFO: CONNECTED TO 'smf.localdomain' (SCTP,soc#9): (../lib/diameter/common/logger.c:108)
Open5GS daemon v2.7.0-23-gea7708b

02/02 23:28:28.698: [app] INFO: Configuration: '/root/open5gs/install/etc/open5gs/pcrf.yaml' (../lib/app/ogs-init.c:130)
02/02 23:28:28.698: [app] INFO: File Logging: '/root/open5gs/install/var/log/open5gs/pcrf.log' (../lib/app/ogs-init.c:133)
02/02 23:28:28.715: [dbi] INFO: MongoDB URI: 'mongodb://localhost/open5gs' (../lib/dbi/ogs-mongoc.c:130)
02/02 23:28:28.872: [app] INFO: PCRF initialize...done (../src/pcrf/app-init.c:31)
02/02 23:28:28.874: [diam] INFO: CONNECTED TO 'smf.localdomain' (SCTP,soc#15): (../lib/diameter/common/logger.c:108)
02/02 23:28:31.539: [app] INFO: Signal-NUM[28] received (Window changed) (../src/main.c:63)
02/02 23:28:31.540: [app] INFO: Signal-NUM[28] received (Window changed) (../src/main.c:63)
02/02 23:28:33.226: [app] INFO: Signal-NUM[28] received (Window changed) (../src/main.c:63)
02/02 23:28:33.227: [app] INFO: Signal-NUM[28] received (Window changed) (../src/main.c:63)
02/02 23:31:57.993: [app] INFO: SIGINT received (../src/main.c:53)
02/02 23:31:57.994: [app] INFO: Open5GS daemon terminating... (../src/main.c:226)
02/02 23:31:58.121: [app] INFO: PCRF terminate...done (../src/pcrf/app-init.c:39)
Open5GS daemon v2.7.0-23-gea7708b

02/02 23:32:06.548: [app] INFO: Configuration: '/root/open5gs/install/etc/open5gs/pcrf.yaml' (../lib/app/ogs-init.c:130)
02/02 23:32:06.548: [app] INFO: File Logging: '/root/open5gs/install/var/log/open5gs/pcrf.log' (../lib/app/ogs-init.c:133)
02/02 23:32:06.550: [dbi] INFO: MongoDB URI: 'mongodb://localhost/open5gs' (../lib/dbi/ogs-mongoc.c:130)
02/02 23:32:06.599: [app] INFO: PCRF initialize...done (../src/pcrf/app-init.c:31)
02/02 23:32:06.642: [diam] INFO: CONNECTED TO 'smf.localdomain' (SCTP,soc#11): (../lib/diameter/common/logger.c:108)
02/03 01:19:03.353: [app] INFO: SIGINT received (../src/main.c:53)
02/03 01:19:03.354: [app] INFO: Open5GS daemon terminating... (../src/main.c:226)
02/03 01:19:03.476: [app] INFO: PCRF terminate...done (../src/pcrf/app-init.c:39)
Open5GS daemon v2.7.0-23-gea7708b

02/03 01:19:25.669: [app] INFO: Configuration: '/root/open5gs/install/etc/open5gs/pcrf.yaml' (../lib/app/ogs-init.c:130)
02/03 01:19:25.669: [app] INFO: File Logging: '/root/open5gs/install/var/log/open5gs/pcrf.log' (../lib/app/ogs-init.c:133)
02/03 01:19:25.672: [dbi] INFO: MongoDB URI: 'mongodb://localhost/open5gs' (../lib/dbi/ogs-mongoc.c:130)
02/03 01:19:25.725: [app] INFO: PCRF initialize...done (../src/pcrf/app-init.c:31)
02/03 01:19:25.730: [diam] INFO: CONNECTED TO 'smf.localdomain' (SCTP,soc#15): (../lib/diameter/common/logger.c:108)
02/03 01:19:27.616: [app] INFO: SIGINT received (../src/main.c:53)
02/03 01:19:27.616: [app] INFO: Open5GS daemon terminating... (../src/main.c:226)
02/03 01:19:27.729: [app] INFO: PCRF terminate...done (../src/pcrf/app-init.c:39)
Open5GS daemon v2.7.0-23-gea7708b

02/03 01:19:35.750: [app] INFO: Configuration: '/root/open5gs/install/etc/open5gs/pcrf.yaml' (../lib/app/ogs-init.c:130)
02/03 01:19:35.750: [app] INFO: File Logging: '/root/open5gs/install/var/log/open5gs/pcrf.log' (../lib/app/ogs-init.c:133)
02/03 01:19:35.762: [dbi] INFO: MongoDB URI: 'mongodb://localhost/open5gs' (../lib/dbi/ogs-mongoc.c:130)
02/03 01:19:35.793: [app] INFO: PCRF initialize...done (../src/pcrf/app-init.c:31)
02/03 01:20:57.268: [diam] INFO: CONNECTED TO 'smf.localdomain' (SCTP,soc#11): (../lib/diameter/common/logger.c:108)
02/03 01:29:53.040: [app] INFO: Signal-NUM[28] received (Window changed) (../src/main.c:63)
02/03 01:53:09.017: [app] INFO: Signal-NUM[28] received (Window changed) (../src/main.c:63)
02/03 01:53:09.618: [app] INFO: Signal-NUM[28] received (Window changed) (../src/main.c:63)
02/03 01:53:38.874: [app] INFO: SIGINT received (../src/main.c:53)
02/03 01:53:38.874: [app] INFO: Open5GS daemon terminating... (../src/main.c:226)
02/03 01:53:39.001: [app] INFO: PCRF terminate...done (../src/pcrf/app-init.c:39)
Open5GS daemon v2.7.0-23-gea7708b

02/04 16:22:12.103: [app] INFO: Configuration: '/root/open5gs/install/etc/open5gs/pcrf.yaml' (../lib/app/ogs-init.c:130)
02/04 16:22:12.103: [app] INFO: File Logging: '/root/open5gs/install/var/log/open5gs/pcrf.log' (../lib/app/ogs-init.c:133)
02/04 16:22:12.114: [dbi] INFO: MongoDB URI: 'mongodb://localhost/open5gs' (../lib/dbi/ogs-mongoc.c:130)
02/04 16:22:12.219: [app] INFO: PCRF initialize...done (../src/pcrf/app-init.c:31)
02/04 16:22:12.264: [diam] INFO: CONNECTED TO 'smf.localdomain' (SCTP,soc#9): (../lib/diameter/common/logger.c:108)
02/04 16:26:12.601: [app] INFO: Signal-NUM[28] received (Window changed) (../src/main.c:63)
02/04 20:34:43.182: [app] INFO: Signal-NUM[28] received (Window changed) (../src/main.c:63)
Open5GS daemon v2.7.0-23-gea7708b

02/08 18:46:31.173: [app] INFO: Configuration: '/root/open5gs/install/etc/open5gs/pcrf.yaml' (../lib/app/ogs-init.c:130)
02/08 18:46:31.173: [app] INFO: File Logging: '/root/open5gs/install/var/log/open5gs/pcrf.log' (../lib/app/ogs-init.c:133)
02/08 18:46:31.178: [dbi] INFO: MongoDB URI: 'mongodb://localhost/open5gs' (../lib/dbi/ogs-mongoc.c:130)
02/08 18:46:31.241: [app] INFO: PCRF initialize...done (../src/pcrf/app-init.c:31)
02/08 18:49:03.081: [app] INFO: Signal-NUM[28] received (Window changed) (../src/main.c:63)
02/08 18:50:58.600: [app] INFO: SIGINT received (../src/main.c:53)
02/08 18:50:58.601: [app] INFO: Open5GS daemon terminating... (../src/main.c:226)
02/08 18:50:58.723: [app] INFO: PCRF terminate...done (../src/pcrf/app-init.c:39)
Open5GS daemon v2.7.0-23-gea7708b

02/08 18:51:04.517: [app] INFO: Configuration: '/root/open5gs/install/etc/open5gs/pcrf.yaml' (../lib/app/ogs-init.c:130)
02/08 18:51:04.517: [app] INFO: File Logging: '/root/open5gs/install/var/log/open5gs/pcrf.log' (../lib/app/ogs-init.c:133)
02/08 18:51:04.524: [dbi] INFO: MongoDB URI: 'mongodb://localhost/open5gs' (../lib/dbi/ogs-mongoc.c:130)
02/08 18:51:04.564: [app] INFO: PCRF initialize...done (../src/pcrf/app-init.c:31)
02/08 18:52:40.910: [app] INFO: SIGINT received (../src/main.c:53)
02/08 18:52:40.910: [app] INFO: Open5GS daemon terminating... (../src/main.c:226)
02/08 18:52:41.027: [app] INFO: PCRF terminate...done (../src/pcrf/app-init.c:39)
Open5GS daemon v2.7.0-23-gea7708b

02/08 18:52:48.493: [app] INFO: Configuration: '/root/open5gs/install/etc/open5gs/pcrf.yaml' (../lib/app/ogs-init.c:130)
02/08 18:52:48.493: [app] INFO: File Logging: '/root/open5gs/install/var/log/open5gs/pcrf.log' (../lib/app/ogs-init.c:133)
02/08 18:52:48.504: [dbi] INFO: MongoDB URI: 'mongodb://localhost/open5gs' (../lib/dbi/ogs-mongoc.c:130)
02/08 18:52:48.669: [app] INFO: PCRF initialize...done (../src/pcrf/app-init.c:31)
02/08 19:04:15.654: [app] INFO: SIGINT received (../src/main.c:53)
02/08 19:04:15.654: [app] INFO: Open5GS daemon terminating... (../src/main.c:226)
02/08 19:04:15.772: [app] INFO: PCRF terminate...done (../src/pcrf/app-init.c:39)
Open5GS daemon v2.7.0-23-gea7708b

02/12 07:57:06.830: [app] INFO: Configuration: '/root/open5gs/install/etc/open5gs/pcrf.yaml' (../lib/app/ogs-init.c:130)
02/12 07:57:06.830: [app] INFO: File Logging: '/root/open5gs/install/var/log/open5gs/pcrf.log' (../lib/app/ogs-init.c:133)
02/12 07:57:06.851: [dbi] INFO: MongoDB URI: 'mongodb://localhost/open5gs' (../lib/dbi/ogs-mongoc.c:130)
02/12 07:57:06.926: [app] INFO: PCRF initialize...done (../src/pcrf/app-init.c:31)
02/12 07:57:08.109: [app] INFO: SIGINT received (../src/main.c:53)
02/12 07:57:08.110: [app] INFO: Open5GS daemon terminating... (../src/main.c:226)
02/12 07:57:08.225: [app] INFO: PCRF terminate...done (../src/pcrf/app-init.c:39)
Open5GS daemon v2.7.0-23-gea7708b

02/12 07:57:16.307: [app] INFO: Configuration: '/root/open5gs/install/etc/open5gs/pcrf.yaml' (../lib/app/ogs-init.c:130)
02/12 07:57:16.307: [app] INFO: File Logging: '/root/open5gs/install/var/log/open5gs/pcrf.log' (../lib/app/ogs-init.c:133)
02/12 07:57:16.309: [dbi] INFO: MongoDB URI: 'mongodb://localhost/open5gs' (../lib/dbi/ogs-mongoc.c:130)
02/12 07:57:16.375: [app] INFO: PCRF initialize...done (../src/pcrf/app-init.c:31)
02/12 07:57:55.404: [app] INFO: SIGINT received (../src/main.c:53)
02/12 07:57:55.404: [app] INFO: Open5GS daemon terminating... (../src/main.c:226)
02/12 07:57:55.522: [app] INFO: PCRF terminate...done (../src/pcrf/app-init.c:39)
